<?xml version="1.0" encoding="UTF-8"?>
<testng-results ignored="0" total="1" passed="1" failed="0" skipped="0">
  <reporter-output>
  </reporter-output>
  <suite started-at="2022-11-29T21:48:54 EET" name="Default suite" finished-at="2022-11-29T21:48:59 EET" duration-ms="4853">
    <groups>
    </groups>
    <test started-at="2022-11-29T21:48:54 EET" name="Default test" finished-at="2022-11-29T21:48:59 EET" duration-ms="4853">
      <class name="openSooq.opensooq">
        <test-method is-config="true" signature="login()[pri:0, instance:openSooq.opensooq@3bd7f8dc]" started-at="2022-11-29T21:48:54 EET" name="login" finished-at="2022-11-29T21:48:59 EET" duration-ms="4811" status="PASS">
          <reporter-output>
          </reporter-output>
        </test-method> <!-- login -->
        <test-method signature="memem()[pri:0, instance:openSooq.opensooq@3bd7f8dc]" started-at="2022-11-29T21:48:59 EET" name="memem" finished-at="2022-11-29T21:48:59 EET" duration-ms="5" status="PASS">
          <reporter-output>
          </reporter-output>
        </test-method> <!-- memem -->
      </class> <!-- openSooq.opensooq -->
    </test> <!-- Default test -->
  </suite> <!-- Default suite -->
</testng-results>
